#
# A fatal error has been detected by the Java Runtime Environment:
#
#  Internal Error (classFileParser.cpp:3494), pid=12592, tid=13236
#  Error: ShouldNotReachHere()
#
# JRE version: 6.0_32-b05
# Java VM: Java HotSpot(TM) Client VM (20.7-b02 mixed mode windows-x86 )
# If you would like to submit a bug report, please visit:
#   http://java.sun.com/webapps/bugreport/crash.jsp
#

---------------  T H R E A D  ---------------

Current thread (0x01ce9c00):  JavaThread "Unknown thread" [_thread_in_vm, id=13236, stack(0x00330000,0x00380000)]

Stack: [0x00330000,0x00380000],  sp=0x0037f86c,  free space=318k
Native frames: (J=compiled Java code, j=interpreted, Vv=VM code, C=native code)
V  [jvm.dll+0x13373a]
V  [jvm.dll+0x12e6db]
V  [jvm.dll+0x163ae]
V  [jvm.dll+0x17bdf]
V  [jvm.dll+0x26cc5]
V  [jvm.dll+0x27506]
V  [jvm.dll+0x278b5]
V  [jvm.dll+0x27949]
V  [jvm.dll+0x27a0c]
V  [jvm.dll+0x27a8a]
V  [jvm.dll+0x27b6d]
V  [jvm.dll+0x27e39]
V  [jvm.dll+0x6c483]
V  [jvm.dll+0x6c85c]
V  [jvm.dll+0xf9c5c]
V  [jvm.dll+0x11861b]
V  [jvm.dll+0x9ec20]
C  [javaw.exe+0x1657]
C  [javaw.exe+0x1e2c]
C  [javaw.exe+0x8614]
C  [kernel32.dll+0x4d0e9]  BaseThreadInitThunk+0x12
C  [ntdll.dll+0x41603]  RtlInitializeExceptionChain+0x63
C  [ntdll.dll+0x415d6]  RtlInitializeExceptionChain+0x36


---------------  P R O C E S S  ---------------

Java Threads: ( => current thread )

Other Threads:

=>0x01ce9c00 (exited) JavaThread "Unknown thread" [_thread_in_vm, id=13236, stack(0x00330000,0x00380000)]

VM state:not at safepoint (not fully initialized)

VM Mutex/Monitor currently owned by a thread: None

Dynamic libraries:
0x00400000 - 0x00425000 	C:\Program Files\Java\jdk1.6.0_32\bin\javaw.exe
0x779b0000 - 0x77ad8000 	C:\Windows\system32\ntdll.dll
0x77800000 - 0x778dc000 	C:\Windows\system32\kernel32.dll
0x76420000 - 0x764e6000 	C:\Windows\system32\ADVAPI32.dll
0x76350000 - 0x76413000 	C:\Windows\system32\RPCRT4.dll
0x76220000 - 0x762bd000 	C:\Windows\system32\USER32.dll
0x764f0000 - 0x7653b000 	C:\Windows\system32\GDI32.dll
0x777e0000 - 0x777fe000 	C:\Windows\system32\IMM32.DLL
0x778e0000 - 0x779a8000 	C:\Windows\system32\MSCTF.dll
0x76540000 - 0x765ea000 	C:\Windows\system32\msvcrt.dll
0x77ae0000 - 0x77ae9000 	C:\Windows\system32\LPK.DLL
0x77480000 - 0x774fd000 	C:\Windows\system32\USP10.dll
0x76020000 - 0x7605a000 	C:\PROGRA~1\Citrix\system32\radeaphook.dll
0x75e00000 - 0x75eaf000 	C:\PROGRA~1\Citrix\system32\ctxsbxhook.dll
0x76090000 - 0x76098000 	C:\Windows\system32\VERSION.dll
0x75bd0000 - 0x75df7000 	C:\Windows\system32\msi.dll
0x76730000 - 0x76875000 	C:\Windows\system32\ole32.dll
0x7c340000 - 0x7c396000 	C:\Program Files\Java\jdk1.6.0_32\jre\bin\msvcr71.dll
0x6d8c0000 - 0x6db6f000 	C:\Program Files\Java\jdk1.6.0_32\jre\bin\client\jvm.dll
0x74900000 - 0x74932000 	C:\Windows\system32\WINMM.dll
0x77b20000 - 0x77bad000 	C:\Windows\system32\OLEAUT32.dll
0x746b0000 - 0x746ee000 	C:\Windows\system32\OLEACC.dll
0x75fc0000 - 0x75fec000 	C:\Windows\system32\apphelp.dll
0x6d870000 - 0x6d87c000 	C:\Program Files\Java\jdk1.6.0_32\jre\bin\verify.dll
0x6d3d0000 - 0x6d3ef000 	C:\Program Files\Java\jdk1.6.0_32\jre\bin\java.dll
0x6d8b0000 - 0x6d8bf000 	C:\Program Files\Java\jdk1.6.0_32\jre\bin\zip.dll
0x76170000 - 0x76177000 	C:\Windows\system32\PSAPI.DLL

VM Arguments:
jvm_args: -Dfile.encoding=Cp1252 -Xbootclasspath:C:\Program Files\Android\android-sdk\platforms\android-17\android.jar 
java_command: org.madbit.sharecontact.test.Main
Launcher Type: SUN_STANDARD

Environment Variables:
JAVA_HOME=C:\Program Files\Java\jdk1.6.0_32
PATH=C:\Windows\system32;C:\Windows;C:\Windows\System32\Wbem;C:\Program Files\WIDCOMM\Bluetooth Software\;C:\Program Files\Citrix\system32\;C:\Program Files\apache-maven-3.0.4\bin;C:\Program Files\MySQL\MySQL Server 5.5\bin;C:\Program Files\TortoiseSVN\bin;C:\Program Files\Rational\common;C:\Program Files\TortoiseGit\bin;C:\Program Files\Java\jdk1.6.0_32\bin;OPENSSL_HOME;C:\Users\ealesfi\JAR_lib\apache-ant-1.8.4\bin;C:\Python32;C:\Program Files\Nmap
USERNAME=ealesfi
OS=Windows_NT
PROCESSOR_IDENTIFIER=x86 Family 6 Model 42 Stepping 7, GenuineIntel



---------------  S Y S T E M  ---------------

OS: Windows Vista Build 6002 Service Pack 2

CPU:total 4 (2 cores per cpu, 2 threads per core) family 6 model 42 stepping 7, cmov, cx8, fxsr, mmx, sse, sse2, sse3, ssse3, sse4.1, sse4.2, popcnt, ht

Memory: 4k page, physical 8335180k(3602684k free), swap 8600336k(2718544k free)

vm_info: Java HotSpot(TM) Client VM (20.7-b02) for windows-x86 JRE (1.6.0_32-b05), built on Apr  5 2012 13:50:34 by "java_re" with MS VC++ 7.1 (VS2003)

time: Tue Jan 22 18:12:12 2013
elapsed time: 0 seconds

